android/SecondDisplay/app/build/intermediates/manifest_merge_blame_file/debug/processDebugMainManifest/manifest-merger-blame-debug-report.txt
1<?xml version="1.0" encoding="utf-8"?>
2<manifest xmlns:android="http://schemas.android.com/apk/res/android"
3    package="com.seconddisplay.client"
4    android:versionCode="1"
5    android:versionName="0.1" >
6
7    <uses-sdk
7-->INJECTED
8        android:minSdkVersion="26"
8-->INJECTED
9        android:targetSdkVersion="34" />
9-->INJECTED
10
11    <uses-permission android:name="android.permission.INTERNET" />
11-->src\main\AndroidManifest.xml:4:5-67
11-->src\main\AndroidManifest.xml:4:22-64
12
13    <permission
13-->[androidx.core:core:1.13.1] AndroidManifest.xml:22:5-24:47
14        android:name="com.seconddisplay.client.DYNAMIC_RECEIVER_NOT_EXPORTED_PERMISSION"
14-->[androidx.core:core:1.13.1] AndroidManifest.xml:23:9-81
15        android:protectionLevel="signature" />
15-->[androidx.core:core:1.13.1] AndroidManifest.xml:24:9-44
16
17    <uses-permission android:name="com.seconddisplay.client.DYNAMIC_RECEIVER_NOT_EXPORTED_PERMISSION" />
17-->[androidx.core:core:1.13.1] AndroidManifest.xml:26:5-97
17-->[androidx.core:core:1.13.1] AndroidManifest.xml:26:22-94
18
19    <application
19-->src\main\AndroidManifest.xml:6:5-37:19
20        android:allowBackup="false"
20-->src\main\AndroidManifest.xml:7:9-36
21        android:appComponentFactory="androidx.core.app.CoreComponentFactory"
21-->[androidx.core:core:1.13.1] AndroidManifest.xml:28:18-86
22        android:debuggable="true"
23        android:extractNativeLibs="false"
23-->INJECTED
24        android:label="@string/app_name"
24-->src\main\AndroidManifest.xml:8:9-41
25        android:theme="@style/Theme.SecondDisplay" >
25-->src\main\AndroidManifest.xml:9:9-51
26        <activity
26-->src\main\AndroidManifest.xml:11:9-22:20
27            android:name="com.seconddisplay.client.MainActivity"
27-->src\main\AndroidManifest.xml:12:13-41
28            android:configChanges="orientation|screenSize|keyboardHidden"
28-->src\main\AndroidManifest.xml:15:13-74
29            android:exported="true"
29-->src\main\AndroidManifest.xml:13:13-36
30            android:launchMode="singleTask"
30-->src\main\AndroidManifest.xml:14:13-44
31            android:screenOrientation="landscape"
31-->src\main\AndroidManifest.xml:16:13-50
32            android:theme="@style/Theme.SecondDisplay" >
32-->src\main\AndroidManifest.xml:17:13-55
33            <intent-filter>
33-->src\main\AndroidManifest.xml:18:13-21:29
34                <action android:name="android.intent.action.MAIN" />
34-->src\main\AndroidManifest.xml:19:17-69
34-->src\main\AndroidManifest.xml:19:25-66
35
36                <category android:name="android.intent.category.LAUNCHER" />
36-->src\main\AndroidManifest.xml:20:17-77
36-->src\main\AndroidManifest.xml:20:27-74
37            </intent-filter>
38        </activity>
39
40        <service
40-->src\main\AndroidManifest.xml:24:9-35:19
41            android:name="com.seconddisplay.client.ShortcutAccessibilityService"
41-->src\main\AndroidManifest.xml:25:13-57
42            android:exported="true"
42-->src\main\AndroidManifest.xml:26:13-36
43            android:permission="android.permission.BIND_ACCESSIBILITY_SERVICE" >
43-->src\main\AndroidManifest.xml:27:13-79
44            <intent-filter>
44-->src\main\AndroidManifest.xml:28:13-30:29
45                <action android:name="android.accessibilityservice.AccessibilityService" />
45-->src\main\AndroidManifest.xml:29:17-92
45-->src\main\AndroidManifest.xml:29:25-89
46            </intent-filter>
47
48            <meta-data
48-->src\main\AndroidManifest.xml:32:13-34:74
49                android:name="android.accessibilityservice"
49-->src\main\AndroidManifest.xml:33:17-60
50                android:resource="@xml/shortcut_accessibility_service" />
50-->src\main\AndroidManifest.xml:34:17-71
51        </service>
52
53        <provider
53-->[androidx.emoji2:emoji2:1.3.0] AndroidManifest.xml:24:9-32:20
54            android:name="androidx.startup.InitializationProvider"
54-->[androidx.emoji2:emoji2:1.3.0] AndroidManifest.xml:25:13-67
55            android:authorities="com.seconddisplay.client.androidx-startup"
55-->[androidx.emoji2:emoji2:1.3.0] AndroidManifest.xml:26:13-68
56            android:exported="false" >
56-->[androidx.emoji2:emoji2:1.3.0] AndroidManifest.xml:27:13-37
57            <meta-data
57-->[androidx.emoji2:emoji2:1.3.0] AndroidManifest.xml:29:13-31:52
58                android:name="androidx.emoji2.text.EmojiCompatInitializer"
58-->[androidx.emoji2:emoji2:1.3.0] AndroidManifest.xml:30:17-75
59                android:value="androidx.startup" />
59-->[androidx.emoji2:emoji2:1.3.0] AndroidManifest.xml:31:17-49
60            <meta-data
60-->[androidx.lifecycle:lifecycle-process:2.6.2] AndroidManifest.xml:29:13-31:52
61                android:name="androidx.lifecycle.ProcessLifecycleInitializer"
61-->[androidx.lifecycle:lifecycle-process:2.6.2] AndroidManifest.xml:30:17-78
62                android:value="androidx.startup" />
62-->[androidx.lifecycle:lifecycle-process:2.6.2] AndroidManifest.xml:31:17-49
63            <meta-data
63-->[androidx.profileinstaller:profileinstaller:1.3.1] AndroidManifest.xml:29:13-31:52
64                android:name="androidx.profileinstaller.ProfileInstallerInitializer"
64-->[androidx.profileinstaller:profileinstaller:1.3.1] AndroidManifest.xml:30:17-85
65                android:value="androidx.startup" />
65-->[androidx.profileinstaller:profileinstaller:1.3.1] AndroidManifest.xml:31:17-49
66        </provider>
67
68        <receiver
68-->[androidx.profileinstaller:profileinstaller:1.3.1] AndroidManifest.xml:34:9-52:20
69            android:name="androidx.profileinstaller.ProfileInstallReceiver"
69-->[androidx.profileinstaller:profileinstaller:1.3.1] AndroidManifest.xml:35:13-76
70            android:directBootAware="false"
70-->[androidx.profileinstaller:profileinstaller:1.3.1] AndroidManifest.xml:36:13-44
71            android:enabled="true"
71-->[androidx.profileinstaller:profileinstaller:1.3.1] AndroidManifest.xml:37:13-35
72            android:exported="true"
72-->[androidx.profileinstaller:profileinstaller:1.3.1] AndroidManifest.xml:38:13-36
73            android:permission="android.permission.DUMP" >
73-->[androidx.profileinstaller:profileinstaller:1.3.1] AndroidManifest.xml:39:13-57
74            <intent-filter>
74-->[androidx.profileinstaller:profileinstaller:1.3.1] AndroidManifest.xml:40:13-42:29
75                <action android:name="androidx.profileinstaller.action.INSTALL_PROFILE" />
75-->[androidx.profileinstaller:profileinstaller:1.3.1] AndroidManifest.xml:41:17-91
75-->[androidx.profileinstaller:profileinstaller:1.3.1] AndroidManifest.xml:41:25-88
76            </intent-filter>
77            <intent-filter>
77-->[androidx.profileinstaller:profileinstaller:1.3.1] AndroidManifest.xml:43:13-45:29
78                <action android:name="androidx.profileinstaller.action.SKIP_FILE" />
78-->[androidx.profileinstaller:profileinstaller:1.3.1] AndroidManifest.xml:44:17-85
78-->[androidx.profileinstaller:profileinstaller:1.3.1] AndroidManifest.xml:44:25-82
79            </intent-filter>
80            <intent-filter>
80-->[androidx.profileinstaller:profileinstaller:1.3.1] AndroidManifest.xml:46:13-48:29
81                <action android:name="androidx.profileinstaller.action.SAVE_PROFILE" />
81-->[androidx.profileinstaller:profileinstaller:1.3.1] AndroidManifest.xml:47:17-88
81-->[androidx.profileinstaller:profileinstaller:1.3.1] AndroidManifest.xml:47:25-85
82            </intent-filter>
83            <intent-filter>
83-->[androidx.profileinstaller:profileinstaller:1.3.1] AndroidManifest.xml:49:13-51:29
84                <action android:name="androidx.profileinstaller.action.BENCHMARK_OPERATION" />
84-->[androidx.profileinstaller:profileinstaller:1.3.1] AndroidManifest.xml:50:17-95
84-->[androidx.profileinstaller:profileinstaller:1.3.1] AndroidManifest.xml:50:25-92
85            </intent-filter>
86        </receiver>
87    </application>
88
89</manifest>